29.1374 	WARNING 	Couldn't measure a consistent frame rate!
  - Is your graphics card set to sync to vertical blank?
  - Are you running other processes on your computer?

29.1449 	EXP 	Created window1 = Window(allowGUI=True, allowStencil=False, autoLog=True, backendConf=UNKNOWN, backgroundFit=<method-wrapper '__getattribute__' of attributeSetter object at 0x000002C508479DF0>, backgroundImage=<method-wrapper '__getattribute__' of attributeSetter object at 0x000002C508479D90>, bitsMode=UNKNOWN, blendMode='avg', bpc=(8, 8, 8), color=array([0, 0, 0]), colorSpace='rgb', depthBits=8, fullscr=<method-wrapper '__getattribute__' of attributeSetter object at 0x000002C508479A90>, gamma=None, gammaErrorPolicy='raise', lms=UNKNOWN, monitor=<psychopy.monitors.calibTools.Monitor object at 0x000002C50DB125B0>, multiSample=False, name='window1', numSamples=2, pos=(940, 660), screen=0, size=array([1000,  600]), stencilBits=0, stereo=False, units='height', useFBO=True, useRetina=False, viewOri=0.0, viewPos=None, viewScale=None, waitBlanking=True, winType='pyglet')
29.1450 	EXP 	window1: mouseVisible = True
29.1450 	EXP 	window1: backgroundImage = ''
29.1450 	EXP 	window1: backgroundFit = 'none'
29.1450 	EXP 	window1: mouseVisible = True
29.1450 	EXP 	window1: Attempting to measure frame rate of screen (0) ...
29.1450 	EXP 	window1: recordFrameIntervals = False
29.3032 	EXP 	window1: recordFrameIntervals = True
30.5563 	WARNING 	t of last frame was 20.69ms (=1/48)
30.9699 	WARNING 	Couldn't measure a consistent frame rate!
  - Is your graphics card set to sync to vertical blank?
  - Are you running other processes on your computer?

31.0543 	WARNING 	launchHubServer: If using the iohub mouse or eyetracker devices, fullScr should be True.
33.9326 	EXP 	Created fixation = ShapeStim(__class__=<class 'psychopy.visual.shape.ShapeStim'>, anchor=('center', 'center'), autoDraw=False, autoLog=True, closeShape=True, color=method-wrapper(...), colorSpace='rgb', contrast=None, depth=-1.0, fillColor=array([1, 1, 1]), fillColorSpace='rgb', fillRGB=array([1, 1, 1]), interpolate=True, lineColor=array([1., 1., 1.]), lineColorSpace='rgb', lineRGB=array([1, 1, 1]), lineWidth=1.0, name='fixation', opacity=1.0, ori=0.0, pos=array([0., 0.]), size=array([0.1, 0.1]), units='height', vertices=ndarray(...), win=Window(...), windingRule=None)
33.9489 	EXP 	Created grating = GratingStim(__class__=<class 'psychopy.visual.grating.GratingStim'>, anchor='center', autoDraw=False, autoLog=True, blendmode='avg', color=array([0.5, 0.5, 0.5]), colorSpace='rgb', contrast=0.5, depth=-2.0, interpolate=True, mask='gauss', maskParams=None, name='grating', opacity=1.0, ori=1.0, phase=array([0., 0.]), pos=array([0., 0.]), rgbPedestal=array([0., 0., 0.]), sf=array([8., 8.]), size=array([0.3, 0.3]), tex='sin', texRes=128.0, units='height', win=Window(...))
33.9490 	WARNING 	Increasing number of minimum required reversals to the number of step sizes, (4).
33.9699 	WARNING 	t of last frame was 3000.16ms (=1/0)
33.9699 	EXP 	grating: ori = -10.0
33.9699 	EXP 	fixation: autoDraw = True
34.4876 	WARNING 	t of last frame was 51.38ms (=1/19)
34.4876 	EXP 	grating: autoDraw = True
34.4876 	EXP 	grating: tex = 'sin'
34.5037 	EXP 	fixation: autoDraw = False
34.7747 	DATA 	Keypress: left
34.7867 	EXP 	fixation: autoDraw = False
34.7867 	EXP 	grating: autoDraw = False
34.7867 	EXP 	grating: ori = 8.0
34.7867 	EXP 	fixation: autoDraw = True
34.9893 	WARNING 	t of last frame was 20.49ms (=1/48)
35.0436 	WARNING 	Multiple dropped frames have occurred - I'll stop bothering you about them!
35.2694 	EXP 	grating: autoDraw = True
35.2874 	EXP 	fixation: autoDraw = False
35.5698 	EXP 	grating: autoDraw = False
35.5909 	DATA 	Keypress: right
35.6022 	EXP 	fixation: autoDraw = False
35.6022 	EXP 	grating: autoDraw = False
35.6022 	EXP 	grating: ori = 6.0
35.6022 	EXP 	fixation: autoDraw = True
36.1029 	EXP 	fixation: autoDraw = False
36.1029 	EXP 	grating: autoDraw = True
36.3907 	DATA 	Keypress: left
36.4026 	EXP 	grating: autoDraw = False
36.4026 	EXP 	fixation: autoDraw = False
36.4026 	EXP 	grating: autoDraw = False
36.4026 	EXP 	grating: ori = -7.0
36.4026 	EXP 	fixation: autoDraw = True
36.9037 	EXP 	fixation: autoDraw = False
36.9037 	EXP 	grating: autoDraw = True
37.2028 	EXP 	grating: autoDraw = False
37.4048 	DATA 	Keypress: right
37.4212 	EXP 	fixation: autoDraw = False
37.4212 	EXP 	grating: autoDraw = False
37.4212 	EXP 	grating: ori = 8.0
37.4212 	EXP 	fixation: autoDraw = True
37.9032 	EXP 	grating: autoDraw = True
37.9361 	EXP 	fixation: autoDraw = False
38.2031 	EXP 	grating: autoDraw = False
38.4239 	DATA 	Keypress: right
38.4367 	EXP 	fixation: autoDraw = False
38.4367 	EXP 	grating: autoDraw = False
38.4367 	EXP 	grating: ori = 8.0
38.4367 	EXP 	fixation: autoDraw = True
38.9357 	EXP 	fixation: autoDraw = False
38.9357 	EXP 	grating: autoDraw = True
39.2362 	EXP 	grating: autoDraw = False
39.3582 	DATA 	Keypress: right
39.3698 	EXP 	fixation: autoDraw = False
39.3698 	EXP 	grating: autoDraw = False
39.3698 	EXP 	grating: ori = 8.0
39.3698 	EXP 	fixation: autoDraw = True
39.8691 	EXP 	fixation: autoDraw = False
39.8691 	EXP 	grating: autoDraw = True
40.1691 	EXP 	grating: autoDraw = False
40.3069 	DATA 	Keypress: right
40.3205 	EXP 	fixation: autoDraw = False
40.3205 	EXP 	grating: autoDraw = False
40.3205 	EXP 	grating: ori = 7.0
40.3205 	EXP 	fixation: autoDraw = True
40.8020 	EXP 	grating: autoDraw = True
40.8361 	EXP 	fixation: autoDraw = False
41.1026 	EXP 	grating: autoDraw = False
41.1583 	DATA 	Keypress: right
41.1878 	EXP 	fixation: autoDraw = False
41.1878 	EXP 	grating: autoDraw = False
41.1878 	EXP 	grating: ori = -7.0
41.1878 	EXP 	fixation: autoDraw = True
41.6702 	EXP 	grating: autoDraw = True
41.6891 	EXP 	fixation: autoDraw = False
41.9692 	EXP 	grating: autoDraw = False
42.0756 	DATA 	Keypress: left
42.0887 	EXP 	fixation: autoDraw = False
42.0887 	EXP 	grating: autoDraw = False
42.0887 	EXP 	grating: ori = 7.0
42.0887 	EXP 	fixation: autoDraw = True
42.5696 	EXP 	grating: autoDraw = True
42.6027 	EXP 	fixation: autoDraw = False
42.8698 	EXP 	grating: autoDraw = False
42.9590 	DATA 	Keypress: right
42.9695 	EXP 	fixation: autoDraw = False
42.9695 	EXP 	grating: autoDraw = False
42.9695 	EXP 	grating: ori = 6.0
42.9695 	EXP 	fixation: autoDraw = True
43.4687 	EXP 	fixation: autoDraw = False
43.4687 	EXP 	grating: autoDraw = True
43.7690 	EXP 	grating: autoDraw = False
43.9232 	DATA 	Keypress: right
43.9355 	EXP 	fixation: autoDraw = False
43.9355 	EXP 	grating: autoDraw = False
43.9355 	EXP 	grating: ori = 6.0
43.9355 	EXP 	fixation: autoDraw = True
44.4364 	EXP 	fixation: autoDraw = False
44.4364 	EXP 	grating: autoDraw = True
44.7362 	EXP 	grating: autoDraw = False
44.8934 	DATA 	Keypress: right
44.9029 	EXP 	fixation: autoDraw = False
44.9029 	EXP 	grating: autoDraw = False
44.9029 	EXP 	grating: ori = 6.0
44.9029 	EXP 	fixation: autoDraw = True
45.4030 	EXP 	fixation: autoDraw = False
45.4030 	EXP 	grating: autoDraw = True
45.7028 	EXP 	grating: autoDraw = False
45.8060 	DATA 	Keypress: right
45.8208 	EXP 	fixation: autoDraw = False
45.8208 	EXP 	grating: autoDraw = False
45.8208 	EXP 	grating: ori = 5.0
45.8208 	EXP 	fixation: autoDraw = True
46.3027 	EXP 	grating: autoDraw = True
46.3357 	EXP 	fixation: autoDraw = False
46.6022 	EXP 	grating: autoDraw = False
46.7052 	DATA 	Keypress: right
46.7209 	EXP 	fixation: autoDraw = False
46.7209 	EXP 	grating: autoDraw = False
46.7209 	EXP 	grating: ori = -5.0
46.7209 	EXP 	fixation: autoDraw = True
47.2028 	EXP 	grating: autoDraw = True
47.2361 	EXP 	fixation: autoDraw = False
47.5023 	EXP 	grating: autoDraw = False
47.5922 	DATA 	Keypress: right
47.6027 	EXP 	fixation: autoDraw = False
47.6027 	EXP 	grating: autoDraw = False
47.6027 	EXP 	grating: ori = 5.5
47.6027 	EXP 	fixation: autoDraw = True
48.1026 	EXP 	fixation: autoDraw = False
48.1026 	EXP 	grating: autoDraw = True
48.4028 	EXP 	grating: autoDraw = False
48.7278 	DATA 	Keypress: right
48.7361 	EXP 	fixation: autoDraw = False
48.7361 	EXP 	grating: autoDraw = False
48.7361 	EXP 	grating: ori = 5.5
48.7361 	EXP 	fixation: autoDraw = True
49.2369 	EXP 	fixation: autoDraw = False
49.2369 	EXP 	grating: autoDraw = True
49.5359 	EXP 	grating: autoDraw = False
50.8253 	DATA 	Keypress: left
50.8370 	EXP 	fixation: autoDraw = False
50.8370 	EXP 	grating: autoDraw = False
50.8370 	EXP 	grating: ori = -6.0
50.8370 	EXP 	fixation: autoDraw = True
51.3361 	EXP 	fixation: autoDraw = False
51.3361 	EXP 	grating: autoDraw = True
51.6358 	EXP 	grating: autoDraw = False
51.9081 	DATA 	Keypress: left
51.9210 	EXP 	fixation: autoDraw = False
51.9210 	EXP 	grating: autoDraw = False
51.9210 	EXP 	grating: ori = -6.0
51.9210 	EXP 	fixation: autoDraw = True
52.4027 	EXP 	grating: autoDraw = True
52.4357 	EXP 	fixation: autoDraw = False
52.7028 	EXP 	grating: autoDraw = False
52.7721 	DATA 	Keypress: left
52.7871 	EXP 	fixation: autoDraw = False
52.7871 	EXP 	grating: autoDraw = False
52.7871 	EXP 	grating: ori = -6.0
52.7871 	EXP 	fixation: autoDraw = True
53.2697 	EXP 	grating: autoDraw = True
53.2882 	EXP 	fixation: autoDraw = False
53.5698 	EXP 	grating: autoDraw = False
53.6907 	DATA 	Keypress: left
53.7030 	EXP 	fixation: autoDraw = False
53.7030 	EXP 	grating: autoDraw = False
53.7030 	EXP 	grating: ori = 5.5
53.7030 	EXP 	fixation: autoDraw = True
54.2025 	EXP 	fixation: autoDraw = False
54.2025 	EXP 	grating: autoDraw = True
54.5031 	EXP 	grating: autoDraw = False
54.7728 	DATA 	Keypress: right
54.7868 	EXP 	fixation: autoDraw = False
54.7868 	EXP 	grating: autoDraw = False
54.7868 	EXP 	grating: ori = 5.5
54.7868 	EXP 	fixation: autoDraw = True
55.2692 	EXP 	grating: autoDraw = True
55.2872 	EXP 	fixation: autoDraw = False
55.5699 	EXP 	grating: autoDraw = False
55.8057 	DATA 	Keypress: right
55.8217 	EXP 	fixation: autoDraw = False
55.8217 	EXP 	grating: autoDraw = False
55.8217 	EXP 	grating: ori = 5.5
55.8217 	EXP 	fixation: autoDraw = True
56.3026 	EXP 	grating: autoDraw = True
56.3354 	EXP 	fixation: autoDraw = False
56.6022 	EXP 	grating: autoDraw = False
56.7076 	DATA 	Keypress: right
56.7217 	EXP 	fixation: autoDraw = False
56.7217 	EXP 	grating: autoDraw = False
56.7217 	EXP 	grating: ori = 5.0
56.7217 	EXP 	fixation: autoDraw = True
57.2023 	EXP 	grating: autoDraw = True
57.2366 	EXP 	fixation: autoDraw = False
57.5024 	EXP 	grating: autoDraw = False
57.8240 	DATA 	Keypress: right
57.8364 	EXP 	fixation: autoDraw = False
57.8364 	EXP 	grating: autoDraw = False
57.8364 	EXP 	grating: ori = -5.0
57.8364 	EXP 	fixation: autoDraw = True
58.3365 	EXP 	fixation: autoDraw = False
58.3365 	EXP 	grating: autoDraw = True
58.6364 	EXP 	grating: autoDraw = False
58.7252 	DATA 	Keypress: left
58.7353 	EXP 	fixation: autoDraw = False
58.7353 	EXP 	grating: autoDraw = False
58.7353 	EXP 	grating: ori = 5.0
58.7353 	EXP 	fixation: autoDraw = True
59.2364 	EXP 	fixation: autoDraw = False
59.2364 	EXP 	grating: autoDraw = True
59.5354 	EXP 	grating: autoDraw = False
59.7044 	DATA 	Keypress: right
59.7204 	EXP 	fixation: autoDraw = False
59.7204 	EXP 	grating: autoDraw = False
59.7204 	EXP 	grating: ori = -4.5
59.7204 	EXP 	fixation: autoDraw = True
60.2023 	EXP 	grating: autoDraw = True
60.2366 	EXP 	fixation: autoDraw = False
60.5022 	EXP 	grating: autoDraw = False
60.5901 	DATA 	Keypress: left
60.6023 	EXP 	fixation: autoDraw = False
60.6023 	EXP 	grating: autoDraw = False
60.6023 	EXP 	grating: ori = -4.5
60.6023 	EXP 	fixation: autoDraw = True
61.1022 	EXP 	fixation: autoDraw = False
61.1022 	EXP 	grating: autoDraw = True
61.4024 	EXP 	grating: autoDraw = False
61.4266 	DATA 	Keypress: right
61.4356 	EXP 	fixation: autoDraw = False
61.4356 	EXP 	grating: autoDraw = False
61.4356 	EXP 	grating: ori = -5.0
61.4356 	EXP 	fixation: autoDraw = True
61.9352 	EXP 	fixation: autoDraw = False
61.9352 	EXP 	grating: autoDraw = True
62.2373 	EXP 	grating: autoDraw = False
62.6044 	DATA 	Keypress: left
62.6211 	EXP 	fixation: autoDraw = False
62.6211 	EXP 	grating: autoDraw = False
62.6211 	EXP 	grating: ori = 5.0
62.6211 	EXP 	fixation: autoDraw = True
63.1026 	EXP 	grating: autoDraw = True
63.1357 	EXP 	fixation: autoDraw = False
63.4024 	EXP 	grating: autoDraw = False
63.5384 	DATA 	Keypress: left
63.5546 	EXP 	fixation: autoDraw = False
63.5546 	EXP 	grating: autoDraw = False
63.5546 	EXP 	grating: ori = 5.5
63.5546 	EXP 	fixation: autoDraw = True
64.0351 	EXP 	grating: autoDraw = True
64.0702 	EXP 	fixation: autoDraw = False
64.3368 	EXP 	grating: autoDraw = False
64.4587 	DATA 	Keypress: left
64.4696 	EXP 	fixation: autoDraw = False
64.4696 	EXP 	grating: autoDraw = False
64.4696 	EXP 	grating: ori = 6.0
64.4696 	EXP 	fixation: autoDraw = True
64.9697 	EXP 	fixation: autoDraw = False
64.9697 	EXP 	grating: autoDraw = True
65.2696 	EXP 	grating: autoDraw = False
65.2721 	DATA 	Keypress: right
65.2877 	EXP 	fixation: autoDraw = False
65.2877 	EXP 	grating: autoDraw = False
65.2877 	EXP 	grating: ori = 6.0
65.2877 	EXP 	fixation: autoDraw = True
65.7700 	EXP 	grating: autoDraw = True
65.8026 	EXP 	fixation: autoDraw = False
66.0694 	EXP 	grating: autoDraw = False
66.0962 	DATA 	Keypress: right
66.1031 	EXP 	fixation: autoDraw = False
66.1031 	EXP 	grating: autoDraw = False
66.1031 	EXP 	grating: ori = -6.0
66.1031 	EXP 	fixation: autoDraw = True
66.6028 	EXP 	fixation: autoDraw = False
66.6028 	EXP 	grating: autoDraw = True
66.9045 	EXP 	grating: autoDraw = False
67.2394 	DATA 	Keypress: left
67.2538 	EXP 	fixation: autoDraw = False
67.2538 	EXP 	grating: autoDraw = False
67.2538 	EXP 	grating: ori = 5.5
67.2538 	EXP 	fixation: autoDraw = True
67.7354 	EXP 	grating: autoDraw = True
67.7697 	EXP 	fixation: autoDraw = False
68.0355 	EXP 	grating: autoDraw = False
68.0730 	DATA 	Keypress: right
68.0872 	EXP 	fixation: autoDraw = False
68.0872 	EXP 	grating: autoDraw = False
68.0872 	EXP 	grating: ori = 5.5
68.0872 	EXP 	fixation: autoDraw = True
68.5696 	EXP 	grating: autoDraw = True
68.5879 	EXP 	fixation: autoDraw = False
68.8696 	EXP 	grating: autoDraw = False
69.1732 	DATA 	Keypress: right
69.1881 	EXP 	fixation: autoDraw = False
69.1881 	EXP 	grating: autoDraw = False
69.1881 	EXP 	grating: ori = 5.5
69.1881 	EXP 	fixation: autoDraw = True
69.6697 	EXP 	grating: autoDraw = True
69.7030 	EXP 	fixation: autoDraw = False
69.9697 	EXP 	grating: autoDraw = False
70.1044 	DATA 	Keypress: right
70.1206 	EXP 	fixation: autoDraw = False
70.1206 	EXP 	grating: autoDraw = False
70.1206 	EXP 	grating: ori = -5.0
70.1206 	EXP 	fixation: autoDraw = True
70.6027 	EXP 	grating: autoDraw = True
70.6357 	EXP 	fixation: autoDraw = False
70.9046 	EXP 	grating: autoDraw = False
71.0608 	DATA 	Keypress: left
71.0700 	EXP 	fixation: autoDraw = False
71.0700 	EXP 	grating: autoDraw = False
71.0700 	EXP 	grating: ori = -5.0
71.0700 	EXP 	fixation: autoDraw = True
71.5698 	EXP 	fixation: autoDraw = False
71.5698 	EXP 	grating: autoDraw = True
71.8692 	EXP 	grating: autoDraw = False
71.9384 	DATA 	Keypress: right
71.9548 	EXP 	fixation: autoDraw = False
71.9548 	EXP 	grating: autoDraw = False
71.9548 	EXP 	grating: ori = 5.5
71.9548 	EXP 	fixation: autoDraw = True
72.4361 	EXP 	grating: autoDraw = True
72.4695 	EXP 	fixation: autoDraw = False
72.7361 	EXP 	grating: autoDraw = False
73.0931 	DATA 	Keypress: right
73.1023 	EXP 	fixation: autoDraw = False
73.1023 	EXP 	grating: autoDraw = False
73.1023 	EXP 	grating: ori = 5.5
73.1023 	EXP 	fixation: autoDraw = True
73.6026 	EXP 	fixation: autoDraw = False
73.6026 	EXP 	grating: autoDraw = True
73.9032 	EXP 	grating: autoDraw = False
74.1384 	DATA 	Keypress: right
74.1544 	EXP 	fixation: autoDraw = False
74.1544 	EXP 	grating: autoDraw = False
74.1544 	EXP 	grating: ori = -5.5
74.1544 	EXP 	fixation: autoDraw = True
74.6363 	EXP 	grating: autoDraw = True
74.6696 	EXP 	fixation: autoDraw = False
74.9357 	EXP 	grating: autoDraw = False
74.9917 	DATA 	Keypress: left
75.0024 	EXP 	fixation: autoDraw = False
75.0024 	EXP 	grating: autoDraw = False
75.0024 	EXP 	grating: ori = 5.0
75.0024 	EXP 	fixation: autoDraw = True
75.5022 	EXP 	fixation: autoDraw = False
75.5022 	EXP 	grating: autoDraw = True
75.8033 	EXP 	grating: autoDraw = False
75.9925 	DATA 	Keypress: right
76.0023 	EXP 	fixation: autoDraw = False
76.0023 	EXP 	grating: autoDraw = False
76.0023 	EXP 	grating: ori = -5.0
76.0023 	EXP 	fixation: autoDraw = True
76.5032 	EXP 	fixation: autoDraw = False
76.5032 	EXP 	grating: autoDraw = True
76.8023 	EXP 	grating: autoDraw = False
76.8249 	DATA 	Keypress: left
76.8363 	EXP 	fixation: autoDraw = False
76.8363 	EXP 	grating: autoDraw = False
76.8363 	EXP 	grating: ori = 5.0
76.8363 	EXP 	fixation: autoDraw = True
77.3357 	EXP 	fixation: autoDraw = False
77.3357 	EXP 	grating: autoDraw = True
77.6357 	EXP 	grating: autoDraw = False
77.7242 	DATA 	Keypress: right
77.7353 	EXP 	fixation: autoDraw = False
77.7353 	EXP 	grating: autoDraw = False
77.7353 	EXP 	grating: ori = -4.5
77.7353 	EXP 	fixation: autoDraw = True
78.2368 	EXP 	fixation: autoDraw = False
78.2368 	EXP 	grating: autoDraw = True
78.5354 	EXP 	grating: autoDraw = False
78.5587 	DATA 	Keypress: left
78.5701 	EXP 	fixation: autoDraw = False
78.5701 	EXP 	grating: autoDraw = False
78.5701 	EXP 	grating: ori = -4.5
78.5701 	EXP 	fixation: autoDraw = True
79.0692 	EXP 	fixation: autoDraw = False
79.0692 	EXP 	grating: autoDraw = True
79.3706 	EXP 	grating: autoDraw = False
79.4620 	DATA 	Keypress: right
79.4705 	EXP 	fixation: autoDraw = False
79.4705 	EXP 	grating: autoDraw = False
79.4705 	EXP 	grating: ori = 5.0
79.4705 	EXP 	fixation: autoDraw = True
79.9694 	EXP 	fixation: autoDraw = False
79.9694 	EXP 	grating: autoDraw = True
80.2690 	EXP 	grating: autoDraw = False
80.7060 	DATA 	Keypress: right
80.7210 	EXP 	fixation: autoDraw = False
80.7210 	EXP 	grating: autoDraw = False
80.7210 	EXP 	grating: ori = 5.0
80.7210 	EXP 	fixation: autoDraw = True
81.2033 	EXP 	grating: autoDraw = True
81.2359 	EXP 	fixation: autoDraw = False
81.5038 	EXP 	grating: autoDraw = False
81.5106 	DATA 	Keypress: left
81.5226 	EXP 	fixation: autoDraw = False
81.5226 	EXP 	grating: autoDraw = False
81.5226 	EXP 	grating: ori = 5.5
81.5226 	EXP 	fixation: autoDraw = True
82.0210 	EXP 	grating: autoDraw = True
82.0360 	EXP 	fixation: autoDraw = False
82.3226 	EXP 	grating: autoDraw = False
82.5379 	DATA 	Keypress: right
82.5555 	EXP 	fixation: autoDraw = False
82.5555 	EXP 	grating: autoDraw = False
82.6124 	EXP 	window1: mouseVisible = True
